Using pre-set license
Built from '2020.3/release' branch; Version is '2020.3.1f1 (77a89f25062f) revision 7841951'; Using compiler version '192528614'; Build Type 'Release'
OS: 'Windows 10 Home; OS build 19041.867; Version 2004; 64bit' Language: 'en' Physical Memory: 32530 MB
BatchMode: 1, IsHumanControllingUs: 0, StartBugReporterOnCrash: 0, Is64bit: 1, IsPro: 0

 COMMAND LINE ARGUMENTS:
C:\Program Files\Unity\Hub\Editor\2020.3.1f1\Editor\Unity.exe
-adb2
-batchMode
-noUpm
-name
AssetImportWorker0
-projectPath
C:/dev/ApplePicker/Apple Picker Prototype
-logFile
Logs/AssetImportWorker0.log
-srvPort
59014
Successfully changed project path to: C:/dev/ApplePicker/Apple Picker Prototype
C:/dev/ApplePicker/Apple Picker Prototype
Using Asset Import Pipeline V2.
Refreshing native plugins compatible for Editor in 31.58 ms, found 0 plugins.
Preloading 0 native plugins for Editor in 0.00 ms.
Initialize engine version: 2020.3.1f1 (77a89f25062f)
[Subsystems] Discovering subsystems at path C:/Program Files/Unity/Hub/Editor/2020.3.1f1/Editor/Data/Resources/UnitySubsystems
[Subsystems] Discovering subsystems at path C:/dev/ApplePicker/Apple Picker Prototype/Assets
GfxDevice: creating device client; threaded=0
Direct3D:
    Version:  Direct3D 11.0 [level 11.1]
    Renderer: NVIDIA GeForce RTX 2070 Super (ID=0x1ed1)
    Vendor:   
    VRAM:     8011 MB
    Driver:   27.21.14.6589
Initialize mono
Mono path[0] = 'C:/Program Files/Unity/Hub/Editor/2020.3.1f1/Editor/Data/Managed'
Mono path[1] = 'C:/Program Files/Unity/Hub/Editor/2020.3.1f1/Editor/Data/MonoBleedingEdge/lib/mono/unityjit'
Mono config path = 'C:/Program Files/Unity/Hub/Editor/2020.3.1f1/Editor/Data/MonoBleedingEdge/etc'
Using monoOptions --debugger-agent=transport=dt_socket,embedding=1,server=y,suspend=n,address=127.0.0.1:56532
Begin MonoManager ReloadAssembly
Registering precompiled unity dll's ...
Register platform support module: C:/Program Files/Unity/Hub/Editor/2020.3.1f1/Editor/Data/PlaybackEngines/WebGLSupport/UnityEditor.WebGL.Extensions.dll
Register platform support module: C:/Program Files/Unity/Hub/Editor/2020.3.1f1/Editor/Data/PlaybackEngines/WindowsStandaloneSupport/UnityEditor.WindowsStandalone.Extensions.dll
Registered in 0.001926 seconds.
Native extension for WindowsStandalone target not found
Native extension for WebGL target not found
Refreshing native plugins compatible for Editor in 24.57 ms, found 0 plugins.
Preloading 0 native plugins for Editor in 0.00 ms.
Invoked RoslynAnalysisRunner static constructor.
RoslynAnalysisRunner will not be running.
RoslynAnalysisRunner has terminated.
Mono: successfully reloaded assembly
- Completed reload, in  1.610 seconds
Platform modules already initialized, skipping
Registering precompiled user dll's ...
Registered in 0.000565 seconds.
Begin MonoManager ReloadAssembly
Native extension for WindowsStandalone target not found
Native extension for WebGL target not found
Refreshing native plugins compatible for Editor in 0.19 ms, found 0 plugins.
Preloading 0 native plugins for Editor in 0.00 ms.
Invoked RoslynAnalysisRunner static constructor.
RoslynAnalysisRunner will not be running.
RoslynAnalysisRunner has terminated.
Mono: successfully reloaded assembly
- Completed reload, in  0.850 seconds
Platform modules already initialized, skipping
========================================================================
Worker process is ready to serve import requests
Launched and connected shader compiler UnityShaderCompiler.exe after 0.04 seconds
Refreshing native plugins compatible for Editor in 0.22 ms, found 0 plugins.
Preloading 0 native plugins for Editor in 0.00 ms.
Unloading 1117 Unused Serialized files (Serialized files now loaded: 0)
System memory in use before: 57.0 MB.
System memory in use after: 57.1 MB.

Unloading 10 unused Assets to reduce memory usage. Loaded Objects now: 1559.
Total: 1.744900 ms (FindLiveObjects: 0.238000 ms CreateObjectMapping: 0.093300 ms MarkObjects: 1.340600 ms  DeleteObjects: 0.071700 ms)

========================================================================
Received Import Request.
  path: Assets/AppleTree.cs
  artifactKey: Guid(d1f2cab9ac230004eba0e2ad93174f6d) Importer(815301076,1909f56bfc062723c751e8b465ee728b)
Start importing Assets/AppleTree.cs using Guid(d1f2cab9ac230004eba0e2ad93174f6d) Importer(815301076,1909f56bfc062723c751e8b465ee728b)  -> (artifact id: 'a15c7b70aa07668751004a2c4c5a3885') in 0.026155 seconds
  Import took 0.028580 seconds .

========================================================================
Received Prepare
Registering precompiled user dll's ...
Registered in 0.000671 seconds.
Begin MonoManager ReloadAssembly
Native extension for WindowsStandalone target not found
Native extension for WebGL target not found
Refreshing native plugins compatible for Editor in 0.17 ms, found 0 plugins.
Preloading 0 native plugins for Editor in 0.00 ms.
Invoked RoslynAnalysisRunner static constructor.
RoslynAnalysisRunner will not be running.
RoslynAnalysisRunner has terminated.
Mono: successfully reloaded assembly
- Completed reload, in  0.645 seconds
Platform modules already initialized, skipping
Refreshing native plugins compatible for Editor in 0.18 ms, found 0 plugins.
Preloading 0 native plugins for Editor in 0.00 ms.
Unloading 1112 Unused Serialized files (Serialized files now loaded: 0)
System memory in use before: 57.0 MB.
System memory in use after: 57.1 MB.

Unloading 5 unused Assets to reduce memory usage. Loaded Objects now: 1562.
Total: 5.291200 ms (FindLiveObjects: 0.392600 ms CreateObjectMapping: 0.120600 ms MarkObjects: 4.618000 ms  DeleteObjects: 0.156500 ms)

========================================================================
Received Import Request.
  Time since last request: 136.637490 seconds.
  path: Assets/AppleTree.cs
  artifactKey: Guid(d1f2cab9ac230004eba0e2ad93174f6d) Importer(815301076,1909f56bfc062723c751e8b465ee728b)
Start importing Assets/AppleTree.cs using Guid(d1f2cab9ac230004eba0e2ad93174f6d) Importer(815301076,1909f56bfc062723c751e8b465ee728b)  -> (artifact id: '92ee7a56bf9ba515a470937a8600c32a') in 0.003059 seconds
  Import took 0.004482 seconds .

========================================================================
Received Prepare
Registering precompiled user dll's ...
Registered in 0.000941 seconds.
Begin MonoManager ReloadAssembly
Native extension for WindowsStandalone target not found
Native extension for WebGL target not found
Refreshing native plugins compatible for Editor in 0.18 ms, found 0 plugins.
Preloading 0 native plugins for Editor in 0.00 ms.
Invoked RoslynAnalysisRunner static constructor.
RoslynAnalysisRunner will not be running.
RoslynAnalysisRunner has terminated.
Mono: successfully reloaded assembly
- Completed reload, in  0.627 seconds
Platform modules already initialized, skipping
Refreshing native plugins compatible for Editor in 0.18 ms, found 0 plugins.
Preloading 0 native plugins for Editor in 0.00 ms.
Unloading 1112 Unused Serialized files (Serialized files now loaded: 0)
System memory in use before: 57.0 MB.
System memory in use after: 57.1 MB.

Unloading 5 unused Assets to reduce memory usage. Loaded Objects now: 1565.
Total: 1.549700 ms (FindLiveObjects: 0.163300 ms CreateObjectMapping: 0.029400 ms MarkObjects: 1.321600 ms  DeleteObjects: 0.034600 ms)

========================================================================
Received Import Request.
  Time since last request: 99.667572 seconds.
  path: ProjectSettings/TagManager.asset
  artifactKey: Guid(00000000000000003000000000000000) Importer(815301076,1909f56bfc062723c751e8b465ee728b)
Start importing ProjectSettings/TagManager.asset using Guid(00000000000000003000000000000000) Importer(815301076,1909f56bfc062723c751e8b465ee728b)  -> (artifact id: '176d527ccfa62e93dbe47499afb46d9c') in 0.018780 seconds
  Import took 0.021011 seconds .

========================================================================
Received Prepare
Registering precompiled user dll's ...
Registered in 0.000718 seconds.
Begin MonoManager ReloadAssembly
Native extension for WindowsStandalone target not found
Native extension for WebGL target not found
Refreshing native plugins compatible for Editor in 0.17 ms, found 0 plugins.
Preloading 0 native plugins for Editor in 0.00 ms.
Invoked RoslynAnalysisRunner static constructor.
RoslynAnalysisRunner will not be running.
RoslynAnalysisRunner has terminated.
Mono: successfully reloaded assembly
- Completed reload, in  0.630 seconds
Platform modules already initialized, skipping
Refreshing native plugins compatible for Editor in 0.19 ms, found 0 plugins.
Preloading 0 native plugins for Editor in 0.00 ms.
Unloading 1112 Unused Serialized files (Serialized files now loaded: 0)
System memory in use before: 57.0 MB.
System memory in use after: 57.1 MB.

Unloading 6 unused Assets to reduce memory usage. Loaded Objects now: 1568.
Total: 1.787000 ms (FindLiveObjects: 0.364300 ms CreateObjectMapping: 0.082100 ms MarkObjects: 1.301300 ms  DeleteObjects: 0.038400 ms)

========================================================================
Received Import Request.
  Time since last request: 190.224673 seconds.
  path: Assets/Apple.prefab
  artifactKey: Guid(3665b843898ee9444a8ffcdecf0206c2) Importer(815301076,1909f56bfc062723c751e8b465ee728b)
Start importing Assets/Apple.prefab using Guid(3665b843898ee9444a8ffcdecf0206c2) Importer(815301076,1909f56bfc062723c751e8b465ee728b)  -> (artifact id: '4581ffe0edec00a41154ec3cbb1da073') in 0.068746 seconds
  Import took 0.070347 seconds .

========================================================================
Received Import Request.
  Time since last request: 30.861729 seconds.
  path: Assets/Basket.prefab
  artifactKey: Guid(3690d6c2c9f2d6941934ff5e6dac3ec7) Importer(815301076,1909f56bfc062723c751e8b465ee728b)
Start importing Assets/Basket.prefab using Guid(3690d6c2c9f2d6941934ff5e6dac3ec7) Importer(815301076,1909f56bfc062723c751e8b465ee728b)  -> (artifact id: '304994e1d16488a82dcb4ef43387ef5e') in 0.011571 seconds
  Import took 0.013795 seconds .

========================================================================
Received Import Request.
  Time since last request: 0.006566 seconds.
  path: Assets/Basket.prefab
  artifactKey: Guid(3690d6c2c9f2d6941934ff5e6dac3ec7) Importer(815301076,1909f56bfc062723c751e8b465ee728b)
Start importing Assets/Basket.prefab using Guid(3690d6c2c9f2d6941934ff5e6dac3ec7) Importer(815301076,1909f56bfc062723c751e8b465ee728b)  -> (artifact id: '304994e1d16488a82dcb4ef43387ef5e') in 0.008462 seconds
  Import took 0.010360 seconds .

========================================================================
Received Import Request.
  Time since last request: 19.682495 seconds.
  path: Assets/AppleTree.prefab
  artifactKey: Guid(c5fb675d9791b9b47a789f5c03fd26f1) Importer(815301076,1909f56bfc062723c751e8b465ee728b)
Start importing Assets/AppleTree.prefab using Guid(c5fb675d9791b9b47a789f5c03fd26f1) Importer(815301076,1909f56bfc062723c751e8b465ee728b)  -> (artifact id: '91e623094468244afae8c45f6feddd69') in 0.009514 seconds
  Import took 0.012154 seconds .

========================================================================
Received Import Request.
  Time since last request: 0.003089 seconds.
  path: Assets/AppleTree.prefab
  artifactKey: Guid(c5fb675d9791b9b47a789f5c03fd26f1) Importer(815301076,1909f56bfc062723c751e8b465ee728b)
Start importing Assets/AppleTree.prefab using Guid(c5fb675d9791b9b47a789f5c03fd26f1) Importer(815301076,1909f56bfc062723c751e8b465ee728b)  -> (artifact id: '91e623094468244afae8c45f6feddd69') in 0.013515 seconds
  Import took 0.015685 seconds .

========================================================================
Received Prepare
Registering precompiled user dll's ...
Registered in 0.000529 seconds.
Begin MonoManager ReloadAssembly
Native extension for WindowsStandalone target not found
Native extension for WebGL target not found
Refreshing native plugins compatible for Editor in 0.18 ms, found 0 plugins.
Preloading 0 native plugins for Editor in 0.00 ms.
Invoked RoslynAnalysisRunner static constructor.
RoslynAnalysisRunner will not be running.
RoslynAnalysisRunner has terminated.
Mono: successfully reloaded assembly
- Completed reload, in  0.646 seconds
Platform modules already initialized, skipping
Refreshing native plugins compatible for Editor in 0.18 ms, found 0 plugins.
Preloading 0 native plugins for Editor in 0.00 ms.
Unloading 1112 Unused Serialized files (Serialized files now loaded: 0)
System memory in use before: 60.2 MB.
System memory in use after: 60.3 MB.

Unloading 5 unused Assets to reduce memory usage. Loaded Objects now: 1581.
Total: 1.762300 ms (FindLiveObjects: 0.430400 ms CreateObjectMapping: 0.039400 ms MarkObjects: 1.204800 ms  DeleteObjects: 0.086800 ms)

========================================================================
Received Prepare
Registering precompiled user dll's ...
Registered in 0.000567 seconds.
Begin MonoManager ReloadAssembly
Native extension for WindowsStandalone target not found
Native extension for WebGL target not found
Refreshing native plugins compatible for Editor in 0.19 ms, found 0 plugins.
Preloading 0 native plugins for Editor in 0.00 ms.
Invoked RoslynAnalysisRunner static constructor.
RoslynAnalysisRunner will not be running.
RoslynAnalysisRunner has terminated.
Mono: successfully reloaded assembly
- Completed reload, in  0.651 seconds
Platform modules already initialized, skipping
Refreshing native plugins compatible for Editor in 0.18 ms, found 0 plugins.
Preloading 0 native plugins for Editor in 0.00 ms.
Unloading 1112 Unused Serialized files (Serialized files now loaded: 0)
System memory in use before: 60.2 MB.
System memory in use after: 60.3 MB.

Unloading 5 unused Assets to reduce memory usage. Loaded Objects now: 1584.
Total: 1.620400 ms (FindLiveObjects: 0.183900 ms CreateObjectMapping: 0.059700 ms MarkObjects: 1.341200 ms  DeleteObjects: 0.034900 ms)

========================================================================
Received Import Request.
  Time since last request: 241.210990 seconds.
  path: Assets/Apple.cs
  artifactKey: Guid(4452a2a6ef44d3442b798ddce9c596ce) Importer(815301076,1909f56bfc062723c751e8b465ee728b)
Start importing Assets/Apple.cs using Guid(4452a2a6ef44d3442b798ddce9c596ce) Importer(815301076,1909f56bfc062723c751e8b465ee728b)  -> (artifact id: 'cbd21ed4b94b64f7e9ec29bb8dab1746') in 0.003860 seconds
  Import took 0.006796 seconds .

========================================================================
Received Prepare
Registering precompiled user dll's ...
Registered in 0.000550 seconds.
Begin MonoManager ReloadAssembly
Native extension for WindowsStandalone target not found
Native extension for WebGL target not found
Refreshing native plugins compatible for Editor in 0.18 ms, found 0 plugins.
Preloading 0 native plugins for Editor in 0.00 ms.
Invoked RoslynAnalysisRunner static constructor.
RoslynAnalysisRunner will not be running.
RoslynAnalysisRunner has terminated.
Mono: successfully reloaded assembly
- Completed reload, in  0.633 seconds
Platform modules already initialized, skipping
Refreshing native plugins compatible for Editor in 0.18 ms, found 0 plugins.
Preloading 0 native plugins for Editor in 0.00 ms.
Unloading 1112 Unused Serialized files (Serialized files now loaded: 0)
System memory in use before: 60.2 MB.
System memory in use after: 60.3 MB.

Unloading 5 unused Assets to reduce memory usage. Loaded Objects now: 1587.
Total: 1.812400 ms (FindLiveObjects: 0.183900 ms CreateObjectMapping: 0.034500 ms MarkObjects: 1.535500 ms  DeleteObjects: 0.057600 ms)

========================================================================
Received Import Request.
  Time since last request: 45.182444 seconds.
  path: Assets/Apple.prefab
  artifactKey: Guid(3665b843898ee9444a8ffcdecf0206c2) Importer(815301076,1909f56bfc062723c751e8b465ee728b)
Start importing Assets/Apple.prefab using Guid(3665b843898ee9444a8ffcdecf0206c2) Importer(815301076,1909f56bfc062723c751e8b465ee728b)  -> (artifact id: '8dabe8faf35d63d58cc0dfbf7aacdc91') in 0.046574 seconds
  Import took 0.048841 seconds .

